
building .\Te_Cap_SipServerSource
---------------------------------

Target: winscw
Version: udeb
bldmake bldfiles

cleaning up ...
---------------
I won't display errors on the screen, because you can probably ignore errors here ...
... you can always look in the log file if you are interested.
abld reallyclean
  make -r  -f "\EPOC32\BUILD\sip\Test\CapTests\TE_CAP~1\Common\Te_Cap_SipServerSource\EXPORT.make" CLEANEXPORT VERBOSE=-s
Nothing to do
  make -r  -f "\EPOC32\BUILD\sip\Test\CapTests\TE_CAP~1\Common\Te_Cap_SipServerSource\WINSCW.make" CLEAN CFG=UDEB VERBOSE=-s
Nothing to do
  make -r  -f "\EPOC32\BUILD\sip\Test\CapTests\TE_CAP~1\Common\Te_Cap_SipServerSource\WINSCW.make" CLEAN CFG=UREL VERBOSE=-s
Nothing to do
  make -r  -f "\EPOC32\BUILD\sip\Test\CapTests\TE_CAP~1\Common\Te_Cap_SipServerSource\ARMV5.make" CLEAN CFG=UDEB VERBOSE=-s
Nothing to do
  make -r  -f "\EPOC32\BUILD\sip\Test\CapTests\TE_CAP~1\Common\Te_Cap_SipServerSource\ARMV5.make" CLEAN CFG=UREL VERBOSE=-s
Nothing to do
  make -r  -f "\EPOC32\BUILD\sip\Test\CapTests\TE_CAP~1\Common\Te_Cap_SipServerSource\WINSCW.make" CLEANALL VERBOSE=-s
Nothing to do
  make -r  -f "\EPOC32\BUILD\sip\Test\CapTests\TE_CAP~1\Common\Te_Cap_SipServerSource\ARMV5.make" CLEANALL VERBOSE=-s
Nothing to do

rebuilding ...
--------------
The display will only show lines matching some of the expressions

	/^[\w\s\\/]+\.(cpp|h)\s*:\s*\d+\s*:/, /\bnot\s+found\b/, /\bstop\b/, /\berror\b/, /\bwarning\b/

	( so long as they do NOT match any of the expressions )

	/^\s*warning\(s\)\s*$/, /\bproject\s+not\s+frozen\b/, /\bnot\s+yet\s+frozen\b/, /\bnot\s+attempting\s+to\s+create\b/

(in any case), but the log file will receive all output lines.

abld test build winscw udeb
  make -r  -f "\EPOC32\BUILD\sip\Test\CapTests\TE_CAP~1\Common\Te_Cap_SipServerSource\EXPORTtest.make" EXPORT VERBOSE=-s
copy "\sip\Test\CapTests\TE_CAP~1\Common\Te_Cap_SipServerSource\Cap_80000000_Te_Cap_SipServerSub.script" "\epoc32\release\winscw\udeb\z\TestData\Scripts\Cap_80000000_Te_Cap_SipServerSub.script"
        1 file(s) copied.
copy "\sip\Test\CapTests\TE_CAP~1\Common\Te_Cap_SipServerSource\Cap_80000000_Te_Cap_SipServerSub.script" "\epoc32\release\wins\udeb\z\TestData\Scripts\Cap_80000000_Te_Cap_SipServerSub.script"
        1 file(s) copied.
copy "\sip\Test\CapTests\TE_CAP~1\Common\Te_Cap_SipServerSource\Cap_80000000_Te_Cap_SipServerSub.script" "\epoc32\release\winscw\urel\z\TestData\Scripts\Cap_80000000_Te_Cap_SipServerSub.script"
        1 file(s) copied.
copy "\sip\Test\CapTests\TE_CAP~1\Common\Te_Cap_SipServerSource\Cap_80000000_Te_Cap_SipServerSub.script" "\epoc32\release\wins\urel\z\TestData\Scripts\Cap_80000000_Te_Cap_SipServerSub.script"
        1 file(s) copied.
copy "\sip\Test\CapTests\TE_CAP~1\Common\Te_Cap_SipServerSource\Cap_00002000_Te_Cap_SipServerSub.script" "\epoc32\release\winscw\udeb\z\TestData\Scripts\Cap_00002000_Te_Cap_SipServerSub.script"
        1 file(s) copied.
copy "\sip\Test\CapTests\TE_CAP~1\Common\Te_Cap_SipServerSource\Cap_00002000_Te_Cap_SipServerSub.script" "\epoc32\release\wins\udeb\z\TestData\Scripts\Cap_00002000_Te_Cap_SipServerSub.script"
        1 file(s) copied.
copy "\sip\Test\CapTests\TE_CAP~1\Common\Te_Cap_SipServerSource\Cap_00002000_Te_Cap_SipServerSub.script" "\epoc32\release\winscw\urel\z\TestData\Scripts\Cap_00002000_Te_Cap_SipServerSub.script"
        1 file(s) copied.
copy "\sip\Test\CapTests\TE_CAP~1\Common\Te_Cap_SipServerSource\Cap_00002000_Te_Cap_SipServerSub.script" "\epoc32\release\wins\urel\z\TestData\Scripts\Cap_00002000_Te_Cap_SipServerSub.script"
        1 file(s) copied.
copy "\sip\Test\CapTests\TE_CAP~1\Common\Te_Cap_SipServerSource\Cap_00000020_Te_Cap_SipServerSub.script" "\epoc32\release\winscw\udeb\z\TestData\Scripts\Cap_00000020_Te_Cap_SipServerSub.script"
        1 file(s) copied.
copy "\sip\Test\CapTests\TE_CAP~1\Common\Te_Cap_SipServerSource\Cap_00000020_Te_Cap_SipServerSub.script" "\epoc32\release\wins\udeb\z\TestData\Scripts\Cap_00000020_Te_Cap_SipServerSub.script"
        1 file(s) copied.
copy "\sip\Test\CapTests\TE_CAP~1\Common\Te_Cap_SipServerSource\Cap_00000020_Te_Cap_SipServerSub.script" "\epoc32\release\winscw\urel\z\TestData\Scripts\Cap_00000020_Te_Cap_SipServerSub.script"
        1 file(s) copied.
copy "\sip\Test\CapTests\TE_CAP~1\Common\Te_Cap_SipServerSource\Cap_00000020_Te_Cap_SipServerSub.script" "\epoc32\release\wins\urel\z\TestData\Scripts\Cap_00000020_Te_Cap_SipServerSub.script"
        1 file(s) copied.
copy "\sip\Test\CapTests\TE_CAP~1\Common\Te_Cap_SipServerSource\Cap_00000000_Te_Cap_SipServerSub.script" "\epoc32\release\winscw\udeb\z\TestData\Scripts\Cap_00000000_Te_Cap_SipServerSub.script"
        1 file(s) copied.
copy "\sip\Test\CapTests\TE_CAP~1\Common\Te_Cap_SipServerSource\Cap_00000000_Te_Cap_SipServerSub.script" "\epoc32\release\wins\udeb\z\TestData\Scripts\Cap_00000000_Te_Cap_SipServerSub.script"
        1 file(s) copied.
copy "\sip\Test\CapTests\TE_CAP~1\Common\Te_Cap_SipServerSource\Cap_00000000_Te_Cap_SipServerSub.script" "\epoc32\release\winscw\urel\z\TestData\Scripts\Cap_00000000_Te_Cap_SipServerSub.script"
        1 file(s) copied.
copy "\sip\Test\CapTests\TE_CAP~1\Common\Te_Cap_SipServerSource\Cap_00000000_Te_Cap_SipServerSub.script" "\epoc32\release\wins\urel\z\TestData\Scripts\Cap_00000000_Te_Cap_SipServerSub.script"
        1 file(s) copied.
copy "\sip\Test\CapTests\TE_CAP~1\Common\Te_Cap_SipServerSource\Te_Cap_SipServer.IBY" "\epoc32\rom\include\Te_Cap_SipServer.IBY"
        1 file(s) copied.
copy "\sip\Test\CapTests\TE_CAP~1\Common\Te_Cap_SipServerSource\Te_Cap_SipServer.script" "\epoc32\release\winscw\udeb\z\TestData\Scripts\Te_Cap_SipServer.script"
        1 file(s) copied.
copy "\sip\Test\CapTests\TE_CAP~1\Common\Te_Cap_SipServerSource\Te_Cap_SipServer.script" "\epoc32\release\wins\udeb\z\TestData\Scripts\Te_Cap_SipServer.script"
        1 file(s) copied.
copy "\sip\Test\CapTests\TE_CAP~1\Common\Te_Cap_SipServerSource\Te_Cap_SipServer.script" "\epoc32\release\winscw\urel\z\TestData\Scripts\Te_Cap_SipServer.script"
        1 file(s) copied.
copy "\sip\Test\CapTests\TE_CAP~1\Common\Te_Cap_SipServerSource\Te_Cap_SipServer.script" "\epoc32\release\wins\urel\z\TestData\Scripts\Te_Cap_SipServer.script"
        1 file(s) copied.
  make -r  -f "\EPOC32\BUILD\sip\Test\CapTests\TE_CAP~1\Common\Te_Cap_SipServerSource\WINSCWtest.make" MAKEFILE VERBOSE=-s
WARNING: "\sip\Test\CapTests\TE_CAP~1\Common\Te_Cap_SipServerSource\ESipItcResetDialogState1_CSTEP.CPP" not found!
perl -S makmake.pl  -D \sip\Test\CapTests\TE_CAP~1\Common\Te_Cap_SipServerSource\TE_CAP_SIPSERVER WINSCW
  make -r  -f "\EPOC32\BUILD\sip\Test\CapTests\TE_CAP~1\Common\Te_Cap_SipServerSource\WINSCWtest.make" LIBRARY VERBOSE=-s
make -s  -r -f "\EPOC32\BUILD\sip\Test\CapTests\TE_CAP~1\Common\Te_Cap_SipServerSource\TE_CAP_SIPSERVER\WINSCW\TE_CAP_SIPSERVER.WINSCW" LIBRARY
  make -r  -f "\EPOC32\BUILD\sip\Test\CapTests\TE_CAP~1\Common\Te_Cap_SipServerSource\WINSCWtest.make" RESOURCE CFG=UDEB VERBOSE=-s
make -s  -r -f "\EPOC32\BUILD\sip\Test\CapTests\TE_CAP~1\Common\Te_Cap_SipServerSource\TE_CAP_SIPSERVER\WINSCW\TE_CAP_SIPSERVER.WINSCW" RESOURCEUDEB
  make -r  -f "\EPOC32\BUILD\sip\Test\CapTests\TE_CAP~1\Common\Te_Cap_SipServerSource\WINSCWtest.make" TARGET CFG=UDEB VERBOSE=-s

Errors caused tool to abort.
make[1]: *** [\EPOC32\BUILD\sip\Test\CapTests\TE_CAP~1\Common\Te_Cap_SipServerSource\TE_CAP_SIPSERVER\WINSCW\udeb\CSuite.o] Error 1
make: *** [TARGETTE_CAP_SIPSERVER] Error 2
make -s  -r -f "\EPOC32\BUILD\sip\Test\CapTests\TE_CAP~1\Common\Te_Cap_SipServerSource\TE_CAP_SIPSERVER\WINSCW\TE_CAP_SIPSERVER.WINSCW" UDEB
CSuite.CPP
 ESipItcResetDialogState1_CStep.h:10: expression syntax error
 ESipItcResetDialogState1_CStep.h:11: declaration syntax error
 ESipItcResetDialogState1_CStep.h:13: declaration syntax error
 ESipItcResetDialogState1_CStep.h:23: illegal name overloading
 ESipItcResetDialogState1_CStep.h:26: declaration syntax error
 ESipItcResetDialogState1_CStep.h:27: illegal name overloading
 ESipItcResetDialogState1_CStep.h:28: undefined identifier 'tChildThread'
 ESipItcResetDialogState1_CStep.h:38: declaration syntax error
CSuite.cpp:235: declaration syntax error
  make -r  -f "\EPOC32\BUILD\sip\Test\CapTests\TE_CAP~1\Common\Te_Cap_SipServerSource\WINSCWtest.make" FINAL CFG=UDEB VERBOSE=-s

Freezing ...
------------
	These lines will be skipped
	/\bOK\s+if\s+freezing\s+for\s+first\s+time\b/
abld freeze winscw
  make -r  -f "\EPOC32\BUILD\sip\Test\CapTests\TE_CAP~1\Common\Te_Cap_SipServerSource\WINSCW.make" FREEZE VERBOSE=-s
Nothing to do

Building ...
------------
All output will be displayed 
abld test build winscw udeb
  make -r  -f "\EPOC32\BUILD\sip\Test\CapTests\TE_CAP~1\Common\Te_Cap_SipServerSource\EXPORTtest.make" EXPORT VERBOSE=-s
make: Nothing to be done for `EXPORT'.
  make -r  -f "\EPOC32\BUILD\sip\Test\CapTests\TE_CAP~1\Common\Te_Cap_SipServerSource\WINSCWtest.make" MAKEFILE VERBOSE=-s
WARNING: "\sip\Test\CapTests\TE_CAP~1\Common\Te_Cap_SipServerSource\ESipItcResetDialogState1_CSTEP.CPP" not found!
perl -S makmake.pl  -D \sip\Test\CapTests\TE_CAP~1\Common\Te_Cap_SipServerSource\TE_CAP_SIPSERVER WINSCW
  make -r  -f "\EPOC32\BUILD\sip\Test\CapTests\TE_CAP~1\Common\Te_Cap_SipServerSource\WINSCWtest.make" LIBRARY VERBOSE=-s
make -s  -r -f "\EPOC32\BUILD\sip\Test\CapTests\TE_CAP~1\Common\Te_Cap_SipServerSource\TE_CAP_SIPSERVER\WINSCW\TE_CAP_SIPSERVER.WINSCW" LIBRARY
  make -r  -f "\EPOC32\BUILD\sip\Test\CapTests\TE_CAP~1\Common\Te_Cap_SipServerSource\WINSCWtest.make" RESOURCE CFG=UDEB VERBOSE=-s
make -s  -r -f "\EPOC32\BUILD\sip\Test\CapTests\TE_CAP~1\Common\Te_Cap_SipServerSource\TE_CAP_SIPSERVER\WINSCW\TE_CAP_SIPSERVER.WINSCW" RESOURCEUDEB
  make -r  -f "\EPOC32\BUILD\sip\Test\CapTests\TE_CAP~1\Common\Te_Cap_SipServerSource\WINSCWtest.make" TARGET CFG=UDEB VERBOSE=-s

Errors caused tool to abort.
make[1]: *** [\EPOC32\BUILD\sip\Test\CapTests\TE_CAP~1\Common\Te_Cap_SipServerSource\TE_CAP_SIPSERVER\WINSCW\udeb\CSuite.o] Error 1
make: *** [TARGETTE_CAP_SIPSERVER] Error 2
make -s  -r -f "\EPOC32\BUILD\sip\Test\CapTests\TE_CAP~1\Common\Te_Cap_SipServerSource\TE_CAP_SIPSERVER\WINSCW\TE_CAP_SIPSERVER.WINSCW" UDEB
CSuite.CPP
 ESipItcResetDialogState1_CStep.h:10: expression syntax error
 ESipItcResetDialogState1_CStep.h:11: declaration syntax error
 ESipItcResetDialogState1_CStep.h:13: declaration syntax error
 ESipItcResetDialogState1_CStep.h:23: illegal name overloading
 ESipItcResetDialogState1_CStep.h:26: declaration syntax error
 ESipItcResetDialogState1_CStep.h:27: illegal name overloading
 ESipItcResetDialogState1_CStep.h:28: undefined identifier 'tChildThread'
 ESipItcResetDialogState1_CStep.h:38: declaration syntax error
CSuite.cpp:235: declaration syntax error
  make -r  -f "\EPOC32\BUILD\sip\Test\CapTests\TE_CAP~1\Common\Te_Cap_SipServerSource\WINSCWtest.make" FINAL CFG=UDEB VERBOSE=-s
... better look into those warnings/errors!
